#
# There is insufficient memory for the Java Runtime Environment to continue.
# Native memory allocation (malloc) failed to allocate 478816 bytes for Chunk::new
# Possible reasons:
#   The system is out of physical RAM or swap space
#   The process is running with CompressedOops enabled, and the Java Heap may be blocking the growth of the native heap
# Possible solutions:
#   Reduce memory load on the system
#   Increase physical memory or swap space
#   Check if swap backing store is full
#   Decrease Java heap size (-Xmx/-Xms)
#   Decrease number of Java threads
#   Decrease Java thread stack sizes (-Xss)
#   Set larger code cache with -XX:ReservedCodeCacheSize=
#   JVM is running with Zero Based Compressed Oops mode in which the Java heap is
#     placed in the first 32GB address space. The Java Heap base address is the
#     maximum limit for the native heap growth. Please use -XX:HeapBaseMinAddress
#     to set the Java Heap base and to place the Java Heap above 32GB virtual address.
# This output file may be truncated or incomplete.
#
#  Out of Memory Error (arena.cpp:189), pid=15496, tid=4456
#
# JRE version: Java(TM) SE Runtime Environment (17.0.7+8) (build 17.0.7+8-LTS-224)
# Java VM: Java HotSpot(TM) 64-Bit Server VM (17.0.7+8-LTS-224, mixed mode, sharing, tiered, compressed oops, compressed class ptrs, g1 gc, windows-amd64)
# No core dump will be written. Minidumps are not enabled by default on client versions of Windows
#

---------------  S U M M A R Y ------------

Command Line: -Dclassworlds.conf=C:\apache-maven-3.9.3\bin\m2.conf -Dmaven.home=C:\apache-maven-3.9.3 -Dlibrary.jansi.path=C:\apache-maven-3.9.3\lib\jansi-native -Dmaven.multiModuleProjectDirectory=D:\api org.codehaus.plexus.classworlds.launcher.Launcher clean install

Host: AMD Ryzen 3 3200U with Radeon Vega Mobile Gfx  , 3 cores, 9G,  Windows 11 , 64 bit Build 22621 (10.0.22621.3235)
Time: Wed Mar 20 06:31:14 2024 Paris, Madrid elapsed time: 79.443506 seconds (0d 0h 1m 19s)

---------------  T H R E A D  ---------------

Current thread (0x000002a25b10f740):  JavaThread "C2 CompilerThread0" daemon [_thread_in_native, id=4456, stack(0x000000afefc00000,0x000000afefd00000)]


Current CompileTask:
C2:  79443 7531       4       lombok.javac.JavacAST::buildMethod (192 bytes)

Stack: [0x000000afefc00000,0x000000afefd00000]
Native frames: (J=compiled Java code, j=interpreted, Vv=VM code, C=native code)
V  [jvm.dll+0x676a4a]
V  [jvm.dll+0x7d74f4]
V  [jvm.dll+0x7d8c9e]
V  [jvm.dll+0x7d9303]
V  [jvm.dll+0x2452c5]
V  [jvm.dll+0xaaa2b]
V  [jvm.dll+0xaafcc]
V  [jvm.dll+0x2aac2f]
V  [jvm.dll+0x57f375]
V  [jvm.dll+0x2205f2]
V  [jvm.dll+0x2195df]
V  [jvm.dll+0x216df9]
V  [jvm.dll+0x1a35e0]
V  [jvm.dll+0x226a6e]
V  [jvm.dll+0x224e15]
V  [jvm.dll+0x78d05c]
V  [jvm.dll+0x78759a]
V  [jvm.dll+0x675875]
C  [ucrtbase.dll+0x29363]
C  [KERNEL32.DLL+0x1257d]
C  [ntdll.dll+0x5aa58]


---------------  P R O C E S S  ---------------

Threads class SMR info:
_java_thread_list=0x000002a25b1086f0, length=12, elements={
0x000002a23c774560, 0x000002a25b0ee3a0, 0x000002a25b0ef120, 0x000002a25b10af00,
0x000002a25b10b9c0, 0x000002a25b10e290, 0x000002a25b10eb50, 0x000002a25b10f740,
0x000002a25b1766b0, 0x000002a25b183370, 0x000002a25bca17c0, 0x000002a25bcab110
}

Java Threads: ( => current thread )
  0x000002a23c774560 JavaThread "main" [_thread_in_Java, id=18216, stack(0x000000afeee00000,0x000000afeef00000)]
  0x000002a25b0ee3a0 JavaThread "Reference Handler" daemon [_thread_blocked, id=17140, stack(0x000000afef500000,0x000000afef600000)]
  0x000002a25b0ef120 JavaThread "Finalizer" daemon [_thread_blocked, id=17316, stack(0x000000afef600000,0x000000afef700000)]
  0x000002a25b10af00 JavaThread "Signal Dispatcher" daemon [_thread_blocked, id=16120, stack(0x000000afef800000,0x000000afef900000)]
  0x000002a25b10b9c0 JavaThread "Attach Listener" daemon [_thread_blocked, id=17940, stack(0x000000afef900000,0x000000afefa00000)]
  0x000002a25b10e290 JavaThread "Service Thread" daemon [_thread_blocked, id=13040, stack(0x000000afefa00000,0x000000afefb00000)]
  0x000002a25b10eb50 JavaThread "Monitor Deflation Thread" daemon [_thread_blocked, id=7708, stack(0x000000afefb00000,0x000000afefc00000)]
=>0x000002a25b10f740 JavaThread "C2 CompilerThread0" daemon [_thread_in_native, id=4456, stack(0x000000afefc00000,0x000000afefd00000)]
  0x000002a25b1766b0 JavaThread "C1 CompilerThread0" daemon [_thread_blocked, id=17500, stack(0x000000afefd00000,0x000000afefe00000)]
  0x000002a25b183370 JavaThread "Sweeper thread" daemon [_thread_blocked, id=12384, stack(0x000000afefe00000,0x000000afeff00000)]
  0x000002a25bca17c0 JavaThread "Notification Thread" daemon [_thread_blocked, id=7208, stack(0x000000afeff00000,0x000000aff0000000)]
  0x000002a25bcab110 JavaThread "Common-Cleaner" daemon [_thread_blocked, id=5100, stack(0x000000aff0100000,0x000000aff0200000)]

Other Threads:
  0x000002a25b0e4900 VMThread "VM Thread" [stack: 0x000000afef400000,0x000000afef500000] [id=6712]
  0x000002a25bca5cb0 WatcherThread [stack: 0x000000aff0000000,0x000000aff0100000] [id=3632]
  0x000002a23c7c38f0 GCTaskThread "GC Thread#0" [stack: 0x000000afeef00000,0x000000afef000000] [id=17252]
  0x000002a25c405070 GCTaskThread "GC Thread#1" [stack: 0x000000aff0200000,0x000000aff0300000] [id=17328]
  0x000002a25c405320 GCTaskThread "GC Thread#2" [stack: 0x000000aff0300000,0x000000aff0400000] [id=2440]
  0x000002a23c7ce650 ConcurrentGCThread "G1 Main Marker" [stack: 0x000000afef000000,0x000000afef100000] [id=17540]
  0x000002a23c7cef70 ConcurrentGCThread "G1 Conc#0" [stack: 0x000000afef100000,0x000000afef200000] [id=14820]
  0x000002a23c829500 ConcurrentGCThread "G1 Refine#0" [stack: 0x000000afef200000,0x000000afef300000] [id=15092]
  0x000002a25db12fd0 ConcurrentGCThread "G1 Refine#1" [stack: 0x000000aff0400000,0x000000aff0500000] [id=1504]
  0x000002a25de84cb0 ConcurrentGCThread "G1 Refine#2" [stack: 0x000000aff0500000,0x000000aff0600000] [id=12680]
  0x000002a25afc0090 ConcurrentGCThread "G1 Service" [stack: 0x000000afef300000,0x000000afef400000] [id=15236]

Threads with active compile tasks:
C2 CompilerThread0    79572 7531       4       lombok.javac.JavacAST::buildMethod (192 bytes)

VM state: not at safepoint (normal execution)

VM Mutex/Monitor currently owned by a thread: None

Heap address: 0x0000000760e00000, size: 2546 MB, Compressed Oops mode: Zero based, Oop shift amount: 3

CDS archive(s) mapped at: [0x0000000800000000-0x0000000800bd0000-0x0000000800bd0000), size 12386304, SharedBaseAddress: 0x0000000800000000, ArchiveRelocationMode: 0.
Compressed class space mapped at: 0x0000000800c00000-0x0000000840c00000, reserved size: 1073741824
Narrow klass base: 0x0000000800000000, Narrow klass shift: 0, Narrow klass range: 0x100000000

GC Precious Log:
 CPUs: 3 total, 3 available
 Memory: 10178M
 Large Page Support: Disabled
 NUMA Support: Disabled
 Compressed Oops: Enabled (Zero based)
 Heap Region Size: 2M
 Heap Min Capacity: 8M
 Heap Initial Capacity: 160M
 Heap Max Capacity: 2546M
 Pre-touch: Disabled
 Parallel Workers: 3
 Concurrent Workers: 1
 Concurrent Refinement Workers: 3
 Periodic GC: Disabled

Heap:
 garbage-first heap   total 108544K, used 65477K [0x0000000760e00000, 0x0000000800000000)
  region size 2048K, 9 young (18432K), 2 survivors (4096K)
 Metaspace       used 29612K, committed 29952K, reserved 1081344K
  class space    used 3316K, committed 3456K, reserved 1048576K

Heap Regions: E=young(eden), S=young(survivor), O=old, HS=humongous(starts), HC=humongous(continues), CS=collection set, F=free, OA=open archive, CA=closed archive, TAMS=top-at-mark-start (previous, next)
|   0|0x0000000760e00000, 0x0000000761000000, 0x0000000761000000|100%| O|  |TAMS 0x0000000761000000, 0x0000000760e00000| Untracked 
|   1|0x0000000761000000, 0x0000000761200000, 0x0000000761200000|100%| O|  |TAMS 0x0000000761200000, 0x0000000761000000| Untracked 
|   2|0x0000000761200000, 0x0000000761400000, 0x0000000761400000|100%| O|  |TAMS 0x0000000761400000, 0x0000000761200000| Untracked 
|   3|0x0000000761400000, 0x0000000761600000, 0x0000000761600000|100%| O|  |TAMS 0x0000000761600000, 0x0000000761400000| Untracked 
|   4|0x0000000761600000, 0x0000000761800000, 0x0000000761800000|100%| O|  |TAMS 0x0000000761800000, 0x0000000761600000| Untracked 
|   5|0x0000000761800000, 0x0000000761a00000, 0x0000000761a00000|100%| O|  |TAMS 0x0000000761a00000, 0x0000000761800000| Untracked 
|   6|0x0000000761a00000, 0x0000000761c00000, 0x0000000761c00000|100%| O|  |TAMS 0x0000000761c00000, 0x0000000761a00000| Untracked 
|   7|0x0000000761c00000, 0x0000000761e00000, 0x0000000761e00000|100%| O|  |TAMS 0x0000000761e00000, 0x0000000761c00000| Untracked 
|   8|0x0000000761e00000, 0x0000000762000000, 0x0000000762000000|100%| O|  |TAMS 0x0000000762000000, 0x0000000761e00000| Untracked 
|   9|0x0000000762000000, 0x0000000762200000, 0x0000000762200000|100%|HS|  |TAMS 0x0000000762200000, 0x0000000762000000| Complete 
|  10|0x0000000762200000, 0x0000000762400000, 0x0000000762400000|100%| O|  |TAMS 0x0000000762400000, 0x0000000762200000| Untracked 
|  11|0x0000000762400000, 0x0000000762600000, 0x0000000762600000|100%| O|  |TAMS 0x0000000762600000, 0x0000000762400000| Untracked 
|  12|0x0000000762600000, 0x00000007626b2600, 0x0000000762800000| 34%| O|  |TAMS 0x0000000762600000, 0x0000000762600000| Untracked 
|  13|0x0000000762800000, 0x0000000762800000, 0x0000000762a00000|  0%| F|  |TAMS 0x0000000762800000, 0x0000000762800000| Untracked 
|  14|0x0000000762a00000, 0x0000000762a00000, 0x0000000762c00000|  0%| F|  |TAMS 0x0000000762a00000, 0x0000000762a00000| Untracked 
|  15|0x0000000762c00000, 0x0000000762c00000, 0x0000000762e00000|  0%| F|  |TAMS 0x0000000762c00000, 0x0000000762c00000| Untracked 
|  16|0x0000000762e00000, 0x0000000762e00000, 0x0000000763000000|  0%| F|  |TAMS 0x0000000762e00000, 0x0000000762e00000| Untracked 
|  17|0x0000000763000000, 0x0000000763200000, 0x0000000763200000|100%| O|  |TAMS 0x0000000763200000, 0x0000000763000000| Untracked 
|  18|0x0000000763200000, 0x0000000763400000, 0x0000000763400000|100%| O|  |TAMS 0x0000000763400000, 0x0000000763200000| Untracked 
|  19|0x0000000763400000, 0x0000000763600000, 0x0000000763600000|100%| O|  |TAMS 0x0000000763600000, 0x0000000763400000| Untracked 
|  20|0x0000000763600000, 0x0000000763800000, 0x0000000763800000|100%| O|  |TAMS 0x0000000763800000, 0x0000000763600000| Untracked 
|  21|0x0000000763800000, 0x0000000763a00000, 0x0000000763a00000|100%| O|  |TAMS 0x0000000763a00000, 0x0000000763800000| Untracked 
|  22|0x0000000763a00000, 0x0000000763c00000, 0x0000000763c00000|100%| O|  |TAMS 0x0000000763c00000, 0x0000000763a00000| Untracked 
|  23|0x0000000763c00000, 0x0000000763c00000, 0x0000000763e00000|  0%| F|  |TAMS 0x0000000763c00000, 0x0000000763c00000| Untracked 
|  24|0x0000000763e00000, 0x0000000763e00000, 0x0000000764000000|  0%| F|  |TAMS 0x0000000763e00000, 0x0000000763e00000| Untracked 
|  25|0x0000000764000000, 0x0000000764000000, 0x0000000764200000|  0%| F|  |TAMS 0x0000000764000000, 0x0000000764000000| Untracked 
|  26|0x0000000764200000, 0x0000000764200000, 0x0000000764400000|  0%| F|  |TAMS 0x0000000764200000, 0x0000000764200000| Untracked 
|  27|0x0000000764400000, 0x000000076453f060, 0x0000000764600000| 62%| S|CS|TAMS 0x0000000764400000, 0x0000000764400000| Complete 
|  28|0x0000000764600000, 0x0000000764600000, 0x0000000764800000|  0%| F|  |TAMS 0x0000000764600000, 0x0000000764600000| Untracked 
|  29|0x0000000764800000, 0x0000000764a00000, 0x0000000764a00000|100%| S|CS|TAMS 0x0000000764800000, 0x0000000764800000| Complete 
|  30|0x0000000764a00000, 0x0000000764a00000, 0x0000000764c00000|  0%| F|  |TAMS 0x0000000764a00000, 0x0000000764a00000| Untracked 
|  31|0x0000000764c00000, 0x0000000764c00000, 0x0000000764e00000|  0%| F|  |TAMS 0x0000000764c00000, 0x0000000764c00000| Untracked 
|  32|0x0000000764e00000, 0x0000000764e00000, 0x0000000765000000|  0%| F|  |TAMS 0x0000000764e00000, 0x0000000764e00000| Untracked 
|  33|0x0000000765000000, 0x0000000765000000, 0x0000000765200000|  0%| F|  |TAMS 0x0000000765000000, 0x0000000765000000| Untracked 
|  34|0x0000000765200000, 0x0000000765200000, 0x0000000765400000|  0%| F|  |TAMS 0x0000000765200000, 0x0000000765200000| Untracked 
|  35|0x0000000765400000, 0x0000000765400000, 0x0000000765600000|  0%| F|  |TAMS 0x0000000765400000, 0x0000000765400000| Untracked 
|  36|0x0000000765600000, 0x0000000765600000, 0x0000000765800000|  0%| F|  |TAMS 0x0000000765600000, 0x0000000765600000| Untracked 
|  37|0x0000000765800000, 0x0000000765800000, 0x0000000765a00000|  0%| F|  |TAMS 0x0000000765800000, 0x0000000765800000| Untracked 
|  38|0x0000000765a00000, 0x0000000765a00000, 0x0000000765c00000|  0%| F|  |TAMS 0x0000000765a00000, 0x0000000765a00000| Untracked 
|  39|0x0000000765c00000, 0x0000000765c00000, 0x0000000765e00000|  0%| F|  |TAMS 0x0000000765c00000, 0x0000000765c00000| Untracked 
|  40|0x0000000765e00000, 0x0000000765f46eb8, 0x0000000766000000| 63%| E|  |TAMS 0x0000000765e00000, 0x0000000765e00000| Complete 
|  41|0x0000000766000000, 0x0000000766200000, 0x0000000766200000|100%| E|CS|TAMS 0x0000000766000000, 0x0000000766000000| Complete 
|  42|0x0000000766200000, 0x0000000766400000, 0x0000000766400000|100%| E|CS|TAMS 0x0000000766200000, 0x0000000766200000| Complete 
|  72|0x0000000769e00000, 0x000000076a000000, 0x000000076a000000|100%| E|CS|TAMS 0x0000000769e00000, 0x0000000769e00000| Complete 
|  73|0x000000076a000000, 0x000000076a200000, 0x000000076a200000|100%| E|CS|TAMS 0x000000076a000000, 0x000000076a000000| Complete 
|  74|0x000000076a200000, 0x000000076a400000, 0x000000076a400000|100%| E|CS|TAMS 0x000000076a200000, 0x000000076a200000| Complete 
|  79|0x000000076ac00000, 0x000000076ae00000, 0x000000076ae00000|100%| E|CS|TAMS 0x000000076ac00000, 0x000000076ac00000| Complete 
|1267|0x00000007ff400000, 0x00000007ff600000, 0x00000007ff600000|100%| O|  |TAMS 0x00000007ff600000, 0x00000007ff400000| Untracked 
|1268|0x00000007ff600000, 0x00000007ff800000, 0x00000007ff800000|100%| O|  |TAMS 0x00000007ff800000, 0x00000007ff600000| Untracked 
|1269|0x00000007ff800000, 0x00000007ffa00000, 0x00000007ffa00000|100%| O|  |TAMS 0x00000007ffa00000, 0x00000007ff800000| Untracked 
|1270|0x00000007ffa00000, 0x00000007ffc00000, 0x00000007ffc00000|100%| O|  |TAMS 0x00000007ffc00000, 0x00000007ffa00000| Untracked 
|1271|0x00000007ffc00000, 0x00000007ffe00000, 0x00000007ffe00000|100%| O|  |TAMS 0x00000007ffe00000, 0x00000007ffc00000| Untracked 
|1272|0x00000007ffe00000, 0x0000000800000000, 0x0000000800000000|100%| O|  |TAMS 0x0000000800000000, 0x00000007ffe00000| Untracked 

Card table byte_map: [0x000002a2534f0000,0x000002a2539f0000] _byte_map_base: 0x000002a24f9e9000

Marking Bits (Prev, Next): (CMBitMap*) 0x000002a23c7c3e50, (CMBitMap*) 0x000002a23c7c3e10
 Prev Bits: [0x000002a2566c0000, 0x000002a258e88000)
 Next Bits: [0x000002a253ef0000, 0x000002a2566b8000)

Polling page: 0x000002a23bf40000

Metaspace:

Usage:
  Non-class:     25.68 MB used.
      Class:      3.24 MB used.
       Both:     28.92 MB used.

Virtual space:
  Non-class space:       32.00 MB reserved,      25.88 MB ( 81%) committed,  4 nodes.
      Class space:        1.00 GB reserved,       3.38 MB ( <1%) committed,  1 nodes.
             Both:        1.03 GB reserved,      29.25 MB (  3%) committed. 

Chunk freelists:
   Non-Class:  1.45 MB
       Class:  577.00 KB
        Both:  2.02 MB

MaxMetaspaceSize: unlimited
CompressedClassSpaceSize: 1.00 GB
Initial GC threshold: 21.00 MB
Current GC threshold: 48.69 MB
CDS: on
MetaspaceReclaimPolicy: balanced
 - commit_granule_bytes: 65536.
 - commit_granule_words: 8192.
 - virtual_space_node_default_size: 1048576.
 - enlarge_chunks_in_place: 1.
 - new_chunks_are_fully_committed: 0.
 - uncommit_free_chunks: 1.
 - use_allocation_guard: 0.
 - handle_deallocations: 1.


Internal statistics:

num_allocs_failed_limit: 3.
num_arena_births: 254.
num_arena_deaths: 0.
num_vsnodes_births: 5.
num_vsnodes_deaths: 0.
num_space_committed: 468.
num_space_uncommitted: 0.
num_chunks_returned_to_freelist: 3.
num_chunks_taken_from_freelist: 1392.
num_chunk_merges: 3.
num_chunk_splits: 931.
num_chunks_enlarged: 681.
num_purges: 0.
num_inconsistent_stats: 0.

CodeHeap 'non-profiled nmethods': size=120064Kb used=4413Kb max_used=4413Kb free=115651Kb
 bounds [0x000002a24bab0000, 0x000002a24bf00000, 0x000002a252ff0000]
CodeHeap 'profiled nmethods': size=120000Kb used=15463Kb max_used=15463Kb free=104536Kb
 bounds [0x000002a243ff0000, 0x000002a244f10000, 0x000002a24b520000]
CodeHeap 'non-nmethods': size=5696Kb used=1217Kb max_used=1267Kb free=4478Kb
 bounds [0x000002a24b520000, 0x000002a24b790000, 0x000002a24bab0000]
 total_blobs=7285 nmethods=6762 adapters=435
 compilation: enabled
              stopped_count=0, restarted_count=0
 full_count=0

Compilation events (20 events):
Event: 78.471 Thread 0x000002a25b1766b0 7528       3       lombok.javac.JavacASTAdapter::visitLocal (1 bytes)
Event: 78.472 Thread 0x000002a25b1766b0 nmethod 7528 0x000002a244eba590 code [0x000002a244eba720, 0x000002a244eba838]
Event: 78.567 Thread 0x000002a25b10f740 nmethod 7519 0x000002a24bef7010 code [0x000002a24bef73e0, 0x000002a24bef8e70]
Event: 78.567 Thread 0x000002a25b10f740 7514       4       java.util.LinkedHashMap$LinkedKeySet::iterator (12 bytes)
Event: 78.570 Thread 0x000002a25b10f740 nmethod 7514 0x000002a24befad90 code [0x000002a24befaf20, 0x000002a24befb0f8]
Event: 78.573 Thread 0x000002a25b10f740 7529       4       lombok.javac.JavacAST::buildStatementOrExpression (120 bytes)
Event: 78.578 Thread 0x000002a25b1766b0 7530       3       lombok.javac.JavacASTAdapter::endVisitLocal (1 bytes)
Event: 78.578 Thread 0x000002a25b1766b0 nmethod 7530 0x000002a244eba910 code [0x000002a244ebaaa0, 0x000002a244ebabb8]
Event: 78.580 Thread 0x000002a25b1766b0 7532       3       lombok.javac.handlers.HandleVal::eq (58 bytes)
Event: 78.583 Thread 0x000002a25b1766b0 nmethod 7532 0x000002a244ebac90 code [0x000002a244ebaf20, 0x000002a244ebb8e8]
Event: 78.583 Thread 0x000002a25b1766b0 7533       3       lombok.javac.JavacASTAdapter::visitAnnotationOnMethod (1 bytes)
Event: 78.583 Thread 0x000002a25b1766b0 nmethod 7533 0x000002a244ebbc90 code [0x000002a244ebbe20, 0x000002a244ebbf38]
Event: 78.596 Thread 0x000002a25b1766b0 7534       3       lombok.javac.JavacASTAdapter::visitType (1 bytes)
Event: 78.596 Thread 0x000002a25b1766b0 nmethod 7534 0x000002a244ebc010 code [0x000002a244ebc1a0, 0x000002a244ebc2b8]
Event: 78.596 Thread 0x000002a25b1766b0 7535   !   3       lombok.javac.handlers.HandleVal::endVisitLocal (993 bytes)
Event: 78.616 Thread 0x000002a25b1766b0 nmethod 7535 0x000002a244ebc390 code [0x000002a244ebd1a0, 0x000002a244ec60f8]
Event: 78.618 Thread 0x000002a25b1766b0 7536       3       lombok.javac.JavacASTAdapter::visitAnnotationOnType (1 bytes)
Event: 78.618 Thread 0x000002a25b1766b0 nmethod 7536 0x000002a244ec9c10 code [0x000002a244ec9da0, 0x000002a244ec9eb8]
Event: 78.763 Thread 0x000002a25b10f740 nmethod 7529 0x000002a24befb210 code [0x000002a24befb5a0, 0x000002a24befe018]
Event: 78.763 Thread 0x000002a25b10f740 7531       4       lombok.javac.JavacAST::buildMethod (192 bytes)

GC Heap History (20 events):
Event: 13.919 GC heap before
{Heap before GC invocations=3 (full 0):
 garbage-first heap   total 163840K, used 63260K [0x0000000760e00000, 0x0000000800000000)
  region size 2048K, 30 young (61440K), 1 survivors (2048K)
 Metaspace       used 14617K, committed 14784K, reserved 1064960K
  class space    used 1764K, committed 1856K, reserved 1048576K
}
Event: 13.943 GC heap after
{Heap after GC invocations=4 (full 0):
 garbage-first heap   total 163840K, used 8976K [0x0000000760e00000, 0x0000000800000000)
  region size 2048K, 4 young (8192K), 4 survivors (8192K)
 Metaspace       used 14617K, committed 14784K, reserved 1064960K
  class space    used 1764K, committed 1856K, reserved 1048576K
}
Event: 25.170 GC heap before
{Heap before GC invocations=4 (full 0):
 garbage-first heap   total 163840K, used 99088K [0x0000000760e00000, 0x0000000800000000)
  region size 2048K, 48 young (98304K), 4 survivors (8192K)
 Metaspace       used 16111K, committed 16256K, reserved 1064960K
  class space    used 1847K, committed 1920K, reserved 1048576K
}
Event: 25.219 GC heap after
{Heap after GC invocations=5 (full 0):
 garbage-first heap   total 163840K, used 16383K [0x0000000760e00000, 0x0000000800000000)
  region size 2048K, 6 young (12288K), 6 survivors (12288K)
 Metaspace       used 16111K, committed 16256K, reserved 1064960K
  class space    used 1847K, committed 1920K, reserved 1048576K
}
Event: 36.342 GC heap before
{Heap before GC invocations=5 (full 0):
 garbage-first heap   total 163840K, used 49151K [0x0000000760e00000, 0x0000000800000000)
  region size 2048K, 23 young (47104K), 6 survivors (12288K)
 Metaspace       used 19421K, committed 19712K, reserved 1073152K
  class space    used 2211K, committed 2368K, reserved 1048576K
}
Event: 36.384 GC heap after
{Heap after GC invocations=6 (full 0):
 garbage-first heap   total 163840K, used 18601K [0x0000000760e00000, 0x0000000800000000)
  region size 2048K, 2 young (4096K), 2 survivors (4096K)
 Metaspace       used 19421K, committed 19712K, reserved 1073152K
  class space    used 2211K, committed 2368K, reserved 1048576K
}
Event: 38.246 GC heap before
{Heap before GC invocations=6 (full 0):
 garbage-first heap   total 163840K, used 30889K [0x0000000760e00000, 0x0000000800000000)
  region size 2048K, 7 young (14336K), 2 survivors (4096K)
 Metaspace       used 21255K, committed 21504K, reserved 1073152K
  class space    used 2465K, committed 2624K, reserved 1048576K
}
Event: 38.261 GC heap after
{Heap after GC invocations=7 (full 0):
 garbage-first heap   total 163840K, used 26100K [0x0000000760e00000, 0x0000000800000000)
  region size 2048K, 3 young (6144K), 3 survivors (6144K)
 Metaspace       used 21255K, committed 21504K, reserved 1073152K
  class space    used 2465K, committed 2624K, reserved 1048576K
}
Event: 58.637 GC heap before
{Heap before GC invocations=8 (full 0):
 garbage-first heap   total 96256K, used 79348K [0x0000000760e00000, 0x0000000800000000)
  region size 2048K, 30 young (61440K), 3 survivors (6144K)
 Metaspace       used 26185K, committed 26496K, reserved 1073152K
  class space    used 2998K, committed 3136K, reserved 1048576K
}
Event: 58.869 GC heap after
{Heap after GC invocations=9 (full 0):
 garbage-first heap   total 108544K, used 43152K [0x0000000760e00000, 0x0000000800000000)
  region size 2048K, 6 young (12288K), 6 survivors (12288K)
 Metaspace       used 26185K, committed 26496K, reserved 1073152K
  class space    used 2998K, committed 3136K, reserved 1048576K
}
Event: 59.869 GC heap before
{Heap before GC invocations=9 (full 0):
 garbage-first heap   total 108544K, used 45200K [0x0000000760e00000, 0x0000000800000000)
  region size 2048K, 7 young (14336K), 6 survivors (12288K)
 Metaspace       used 26283K, committed 26560K, reserved 1073152K
  class space    used 3003K, committed 3136K, reserved 1048576K
}
Event: 59.898 GC heap after
{Heap after GC invocations=10 (full 0):
 garbage-first heap   total 108544K, used 45498K [0x0000000760e00000, 0x0000000800000000)
  region size 2048K, 1 young (2048K), 1 survivors (2048K)
 Metaspace       used 26283K, committed 26560K, reserved 1073152K
  class space    used 3003K, committed 3136K, reserved 1048576K
}
Event: 67.679 GC heap before
{Heap before GC invocations=10 (full 0):
 garbage-first heap   total 108544K, used 76218K [0x0000000760e00000, 0x0000000800000000)
  region size 2048K, 16 young (32768K), 1 survivors (2048K)
 Metaspace       used 27480K, committed 27840K, reserved 1081344K
  class space    used 3120K, committed 3264K, reserved 1048576K
}
Event: 67.696 GC heap after
{Heap after GC invocations=11 (full 0):
 garbage-first heap   total 108544K, used 49022K [0x0000000760e00000, 0x0000000800000000)
  region size 2048K, 2 young (4096K), 2 survivors (4096K)
 Metaspace       used 27480K, committed 27840K, reserved 1081344K
  class space    used 3120K, committed 3264K, reserved 1048576K
}
Event: 71.873 GC heap before
{Heap before GC invocations=11 (full 0):
 garbage-first heap   total 108544K, used 77694K [0x0000000760e00000, 0x0000000800000000)
  region size 2048K, 17 young (34816K), 2 survivors (4096K)
 Metaspace       used 28922K, committed 29248K, reserved 1081344K
  class space    used 3276K, committed 3456K, reserved 1048576K
}
Event: 71.891 GC heap after
{Heap after GC invocations=12 (full 0):
 garbage-first heap   total 108544K, used 50096K [0x0000000760e00000, 0x0000000800000000)
  region size 2048K, 1 young (2048K), 1 survivors (2048K)
 Metaspace       used 28922K, committed 29248K, reserved 1081344K
  class space    used 3276K, committed 3456K, reserved 1048576K
}
Event: 75.157 GC heap before
{Heap before GC invocations=12 (full 0):
 garbage-first heap   total 108544K, used 80816K [0x0000000760e00000, 0x0000000800000000)
  region size 2048K, 16 young (32768K), 1 survivors (2048K)
 Metaspace       used 29374K, committed 29696K, reserved 1081344K
  class space    used 3306K, committed 3456K, reserved 1048576K
}
Event: 75.174 GC heap after
{Heap after GC invocations=13 (full 0):
 garbage-first heap   total 108544K, used 51753K [0x0000000760e00000, 0x0000000800000000)
  region size 2048K, 2 young (4096K), 2 survivors (4096K)
 Metaspace       used 29374K, committed 29696K, reserved 1081344K
  class space    used 3306K, committed 3456K, reserved 1048576K
}
Event: 76.926 GC heap before
{Heap before GC invocations=14 (full 0):
 garbage-first heap   total 108544K, used 82473K [0x0000000760e00000, 0x0000000800000000)
  region size 2048K, 17 young (34816K), 2 survivors (4096K)
 Metaspace       used 29484K, committed 29760K, reserved 1081344K
  class space    used 3316K, committed 3456K, reserved 1048576K
}
Event: 76.951 GC heap after
{Heap after GC invocations=15 (full 0):
 garbage-first heap   total 108544K, used 53111K [0x0000000760e00000, 0x0000000800000000)
  region size 2048K, 2 young (4096K), 2 survivors (4096K)
 Metaspace       used 29484K, committed 29760K, reserved 1081344K
  class space    used 3316K, committed 3456K, reserved 1048576K
}

Deoptimization events (20 events):
Event: 77.482 Thread 0x000002a23c774560 Uncommon trap: trap_request=0xffffff45 fr.pc=0x000002a24bea4ff0 relative=0x00000000000002d0
Event: 77.482 Thread 0x000002a23c774560 Uncommon trap: reason=unstable_if action=reinterpret pc=0x000002a24bea4ff0 method=com.sun.tools.javac.util.Iterators$CompoundIterator.hasNext()Z @ 4 c2
Event: 77.482 Thread 0x000002a23c774560 DEOPT PACKING pc=0x000002a24bea4ff0 sp=0x000000afeeefd290
Event: 77.482 Thread 0x000002a23c774560 DEOPT UNPACKING pc=0x000002a24b5723a3 sp=0x000000afeeefd260 mode 2
Event: 78.452 Thread 0x000002a23c774560 Uncommon trap: trap_request=0xffffffc6 fr.pc=0x000002a24be09340 relative=0x00000000000004c0
Event: 78.452 Thread 0x000002a23c774560 Uncommon trap: reason=bimorphic_or_optimized_type_check action=maybe_recompile pc=0x000002a24be09340 method=lombok.javac.JavacNode.traverse(Llombok/javac/JavacASTVisitor;)V @ 73 c2
Event: 78.452 Thread 0x000002a23c774560 DEOPT PACKING pc=0x000002a24be09340 sp=0x000000afeeefce50
Event: 78.452 Thread 0x000002a23c774560 DEOPT UNPACKING pc=0x000002a24b5723a3 sp=0x000000afeeefcdd8 mode 2
Event: 78.452 Thread 0x000002a23c774560 Uncommon trap: trap_request=0xffffffc6 fr.pc=0x000002a24be0a1c0 relative=0x0000000000001340
Event: 78.452 Thread 0x000002a23c774560 Uncommon trap: reason=bimorphic_or_optimized_type_check action=maybe_recompile pc=0x000002a24be0a1c0 method=lombok.javac.JavacNode.traverse(Llombok/javac/JavacASTVisitor;)V @ 113 c2
Event: 78.452 Thread 0x000002a23c774560 DEOPT PACKING pc=0x000002a24be0a1c0 sp=0x000000afeeefcd70
Event: 78.453 Thread 0x000002a23c774560 DEOPT UNPACKING pc=0x000002a24b5723a3 sp=0x000000afeeefccf8 mode 2
Event: 78.453 Thread 0x000002a23c774560 Uncommon trap: trap_request=0xffffffc6 fr.pc=0x000002a24be09158 relative=0x00000000000002d8
Event: 78.453 Thread 0x000002a23c774560 Uncommon trap: reason=bimorphic_or_optimized_type_check action=maybe_recompile pc=0x000002a24be09158 method=lombok.javac.JavacNode.traverse(Llombok/javac/JavacASTVisitor;)V @ 490 c2
Event: 78.453 Thread 0x000002a23c774560 DEOPT PACKING pc=0x000002a24be09158 sp=0x000000afeeefcc90
Event: 78.453 Thread 0x000002a23c774560 DEOPT UNPACKING pc=0x000002a24b5723a3 sp=0x000000afeeefcc10 mode 2
Event: 78.453 Thread 0x000002a23c774560 Uncommon trap: trap_request=0xffffffc6 fr.pc=0x000002a24be09158 relative=0x00000000000002d8
Event: 78.453 Thread 0x000002a23c774560 Uncommon trap: reason=bimorphic_or_optimized_type_check action=maybe_recompile pc=0x000002a24be09158 method=lombok.javac.JavacNode.traverse(Llombok/javac/JavacASTVisitor;)V @ 490 c2
Event: 78.453 Thread 0x000002a23c774560 DEOPT PACKING pc=0x000002a24be09158 sp=0x000000afeeefcc90
Event: 78.453 Thread 0x000002a23c774560 DEOPT UNPACKING pc=0x000002a24b5723a3 sp=0x000000afeeefcc10 mode 2

Classes unloaded (0 events):
No events

Classes redefined (0 events):
No events

Internal exceptions (20 events):
Event: 74.316 Thread 0x000002a23c774560 Exception <a 'sun/nio/fs/WindowsException'{0x0000000765d7d9f8}> (0x0000000765d7d9f8) 
thrown [s\open\src\hotspot\share\prims\jni.cpp, line 516]
Event: 74.316 Thread 0x000002a23c774560 Exception <a 'sun/nio/fs/WindowsException'{0x0000000765d7dba0}> (0x0000000765d7dba0) 
thrown [s\open\src\hotspot\share\prims\jni.cpp, line 516]
Event: 74.317 Thread 0x000002a23c774560 Exception <a 'sun/nio/fs/WindowsException'{0x0000000765d81630}> (0x0000000765d81630) 
thrown [s\open\src\hotspot\share\prims\jni.cpp, line 516]
Event: 74.318 Thread 0x000002a23c774560 Exception <a 'sun/nio/fs/WindowsException'{0x0000000765d817a8}> (0x0000000765d817a8) 
thrown [s\open\src\hotspot\share\prims\jni.cpp, line 516]
Event: 74.319 Thread 0x000002a23c774560 Exception <a 'sun/nio/fs/WindowsException'{0x0000000765d87108}> (0x0000000765d87108) 
thrown [s\open\src\hotspot\share\prims\jni.cpp, line 516]
Event: 74.319 Thread 0x000002a23c774560 Exception <a 'sun/nio/fs/WindowsException'{0x0000000765d872a0}> (0x0000000765d872a0) 
thrown [s\open\src\hotspot\share\prims\jni.cpp, line 516]
Event: 74.320 Thread 0x000002a23c774560 Exception <a 'sun/nio/fs/WindowsException'{0x0000000765d88640}> (0x0000000765d88640) 
thrown [s\open\src\hotspot\share\prims\jni.cpp, line 516]
Event: 74.320 Thread 0x000002a23c774560 Exception <a 'sun/nio/fs/WindowsException'{0x0000000765d888b0}> (0x0000000765d888b0) 
thrown [s\open\src\hotspot\share\prims\jni.cpp, line 516]
Event: 76.290 Thread 0x000002a23c774560 Exception <a 'sun/nio/fs/WindowsException'{0x0000000765469678}> (0x0000000765469678) 
thrown [s\open\src\hotspot\share\prims\jni.cpp, line 516]
Event: 76.290 Thread 0x000002a23c774560 Exception <a 'sun/nio/fs/WindowsException'{0x0000000765469888}> (0x0000000765469888) 
thrown [s\open\src\hotspot\share\prims\jni.cpp, line 516]
Event: 76.290 Thread 0x000002a23c774560 Exception <a 'sun/nio/fs/WindowsException'{0x000000076546a6b0}> (0x000000076546a6b0) 
thrown [s\open\src\hotspot\share\prims\jni.cpp, line 516]
Event: 76.291 Thread 0x000002a23c774560 Exception <a 'sun/nio/fs/WindowsException'{0x000000076546a950}> (0x000000076546a950) 
thrown [s\open\src\hotspot\share\prims\jni.cpp, line 516]
Event: 76.291 Thread 0x000002a23c774560 Exception <a 'sun/nio/fs/WindowsException'{0x000000076546b888}> (0x000000076546b888) 
thrown [s\open\src\hotspot\share\prims\jni.cpp, line 516]
Event: 76.292 Thread 0x000002a23c774560 Exception <a 'sun/nio/fs/WindowsException'{0x000000076546baa8}> (0x000000076546baa8) 
thrown [s\open\src\hotspot\share\prims\jni.cpp, line 516]
Event: 77.514 Thread 0x000002a23c774560 Exception <a 'sun/nio/fs/WindowsException'{0x00000007662663e0}> (0x00000007662663e0) 
thrown [s\open\src\hotspot\share\prims\jni.cpp, line 516]
Event: 77.514 Thread 0x000002a23c774560 Exception <a 'sun/nio/fs/WindowsException'{0x00000007662665f0}> (0x00000007662665f0) 
thrown [s\open\src\hotspot\share\prims\jni.cpp, line 516]
Event: 77.515 Thread 0x000002a23c774560 Exception <a 'sun/nio/fs/WindowsException'{0x0000000766267418}> (0x0000000766267418) 
thrown [s\open\src\hotspot\share\prims\jni.cpp, line 516]
Event: 77.515 Thread 0x000002a23c774560 Exception <a 'sun/nio/fs/WindowsException'{0x00000007662676b8}> (0x00000007662676b8) 
thrown [s\open\src\hotspot\share\prims\jni.cpp, line 516]
Event: 77.578 Thread 0x000002a23c774560 Exception <a 'sun/nio/fs/WindowsException'{0x00000007662685f0}> (0x00000007662685f0) 
thrown [s\open\src\hotspot\share\prims\jni.cpp, line 516]
Event: 77.578 Thread 0x000002a23c774560 Exception <a 'sun/nio/fs/WindowsException'{0x0000000766268810}> (0x0000000766268810) 
thrown [s\open\src\hotspot\share\prims\jni.cpp, line 516]

VM Operations (20 events):
Event: 72.896 Executing VM operation: Cleanup
Event: 72.899 Executing VM operation: Cleanup done
Event: 73.901 Executing VM operation: Cleanup
Event: 73.901 Executing VM operation: Cleanup done
Event: 74.398 Executing VM operation: HandshakeAllThreads
Event: 74.398 Executing VM operation: HandshakeAllThreads done
Event: 74.573 Executing VM operation: ICBufferFull
Event: 74.573 Executing VM operation: ICBufferFull done
Event: 75.157 Executing VM operation: G1CollectForAllocation
Event: 75.180 Executing VM operation: G1CollectForAllocation done
Event: 75.365 Executing VM operation: G1Concurrent
Event: 75.430 Executing VM operation: G1Concurrent done
Event: 75.488 Executing VM operation: G1Concurrent
Event: 75.489 Executing VM operation: G1Concurrent done
Event: 76.503 Executing VM operation: Cleanup
Event: 76.504 Executing VM operation: Cleanup done
Event: 76.926 Executing VM operation: G1CollectForAllocation
Event: 76.951 Executing VM operation: G1CollectForAllocation done
Event: 77.934 Executing VM operation: ICBufferFull
Event: 77.935 Executing VM operation: ICBufferFull done

Events (20 events):
Event: 67.764 loading class java/util/regex/Pattern$NotBehind done
Event: 67.973 loading class java/util/Vector$1
Event: 67.973 loading class java/util/Vector$1 done
Event: 69.188 loading class java/util/Collections$UnmodifiableSortedSet
Event: 69.188 loading class java/util/Collections$UnmodifiableSortedSet done
Event: 69.240 loading class java/util/IdentityHashMap$EntrySet
Event: 69.240 loading class java/util/IdentityHashMap$EntrySet done
Event: 69.241 loading class java/util/IdentityHashMap$EntryIterator
Event: 69.241 loading class java/util/IdentityHashMap$EntryIterator done
Event: 69.241 loading class java/util/IdentityHashMap$EntryIterator$Entry
Event: 69.241 loading class java/util/IdentityHashMap$EntryIterator$Entry done
Event: 70.214 loading class java/util/regex/Pattern$SliceI
Event: 70.214 loading class java/util/regex/Pattern$SliceI done
Event: 70.217 loading class java/util/regex/Pattern$Loop
Event: 70.217 loading class java/util/regex/Pattern$Loop done
Event: 70.217 loading class java/util/regex/Pattern$Prolog
Event: 70.217 loading class java/util/regex/Pattern$Prolog done
Event: 70.687 loading class java/util/regex/Pattern$LazyLoop
Event: 70.688 loading class java/util/regex/Pattern$LazyLoop done
Event: 74.422 Thread 0x000002a25b183370 flushing nmethod 0x000002a244aadf90


Dynamic libraries:
0x00007ff6bf2b0000 - 0x00007ff6bf2c0000 	C:\Program Files\Java\jdk-17\bin\java.exe
0x00007ff9afef0000 - 0x00007ff9b0106000 	C:\WINDOWS\SYSTEM32\ntdll.dll
0x00007ff9adc50000 - 0x00007ff9add14000 	C:\WINDOWS\System32\KERNEL32.DLL
0x00007ff9ad580000 - 0x00007ff9ad926000 	C:\WINDOWS\System32\KERNELBASE.dll
0x00007ff9adaf0000 - 0x00007ff9adc01000 	C:\WINDOWS\System32\ucrtbase.dll
0x00007ff9a0c30000 - 0x00007ff9a0c49000 	C:\Program Files\Java\jdk-17\bin\jli.dll
0x00007ff9afc10000 - 0x00007ff9afcc2000 	C:\WINDOWS\System32\ADVAPI32.dll
0x00007ff9adf50000 - 0x00007ff9adff7000 	C:\WINDOWS\System32\msvcrt.dll
0x00007ff9ae000000 - 0x00007ff9ae0a8000 	C:\WINDOWS\System32\sechost.dll
0x00007ff99bf80000 - 0x00007ff99bf9b000 	C:\Program Files\Java\jdk-17\bin\VCRUNTIME140.dll
0x00007ff9adc10000 - 0x00007ff9adc38000 	C:\WINDOWS\System32\bcrypt.dll
0x00007ff9adda0000 - 0x00007ff9adeb5000 	C:\WINDOWS\System32\RPCRT4.dll
0x00007ff9af8e0000 - 0x00007ff9afa8d000 	C:\WINDOWS\System32\USER32.dll
0x00007ff9ad2b0000 - 0x00007ff9ad2d6000 	C:\WINDOWS\System32\win32u.dll
0x00007ff9af8b0000 - 0x00007ff9af8d9000 	C:\WINDOWS\System32\GDI32.dll
0x00007ff9ad930000 - 0x00007ff9ada48000 	C:\WINDOWS\System32\gdi32full.dll
0x00007ff9ada50000 - 0x00007ff9adaea000 	C:\WINDOWS\System32\msvcp_win.dll
0x00007ff99df50000 - 0x00007ff99e1e3000 	C:\WINDOWS\WinSxS\amd64_microsoft.windows.common-controls_6595b64144ccf1df_6.0.22621.3235_none_270f74e173860f98\COMCTL32.dll
0x00007ff9a3970000 - 0x00007ff9a397a000 	C:\WINDOWS\SYSTEM32\VERSION.dll
0x00007ff9ae6c0000 - 0x00007ff9ae6f1000 	C:\WINDOWS\System32\IMM32.DLL
0x00007ff9a86c0000 - 0x00007ff9a86cc000 	C:\Program Files\Java\jdk-17\bin\vcruntime140_1.dll
0x00007ff99b1d0000 - 0x00007ff99b25e000 	C:\Program Files\Java\jdk-17\bin\msvcp140.dll
0x00007ff960b50000 - 0x00007ff96172d000 	C:\Program Files\Java\jdk-17\bin\server\jvm.dll
0x00007ff9ae6b0000 - 0x00007ff9ae6b8000 	C:\WINDOWS\System32\PSAPI.DLL
0x00007ff9a8560000 - 0x00007ff9a8569000 	C:\WINDOWS\SYSTEM32\WSOCK32.dll
0x00007ff9afb90000 - 0x00007ff9afc01000 	C:\WINDOWS\System32\WS2_32.dll
0x00007ff9a4970000 - 0x00007ff9a49a4000 	C:\WINDOWS\SYSTEM32\WINMM.dll
0x00007ff9ac270000 - 0x00007ff9ac288000 	C:\WINDOWS\SYSTEM32\kernel.appcore.dll
0x00007ff9a8550000 - 0x00007ff9a855a000 	C:\Program Files\Java\jdk-17\bin\jimage.dll
0x00007ff992a80000 - 0x00007ff992cb3000 	C:\WINDOWS\SYSTEM32\DBGHELP.DLL
0x00007ff9af520000 - 0x00007ff9af8a8000 	C:\WINDOWS\System32\combase.dll
0x00007ff9afdd0000 - 0x00007ff9afea7000 	C:\WINDOWS\System32\OLEAUT32.dll
0x00007ff992770000 - 0x00007ff9927a2000 	C:\WINDOWS\SYSTEM32\dbgcore.DLL
0x00007ff9ad230000 - 0x00007ff9ad2aa000 	C:\WINDOWS\System32\bcryptPrimitives.dll
0x00007ff99acb0000 - 0x00007ff99acd5000 	C:\Program Files\Java\jdk-17\bin\java.dll
0x00007ff977980000 - 0x00007ff977a57000 	C:\Program Files\Java\jdk-17\bin\jsvml.dll
0x00007ff9ae700000 - 0x00007ff9aef5d000 	C:\WINDOWS\System32\SHELL32.dll
0x00007ff9ab190000 - 0x00007ff9aba88000 	C:\WINDOWS\SYSTEM32\windows.storage.dll
0x00007ff9ab050000 - 0x00007ff9ab18e000 	C:\WINDOWS\SYSTEM32\wintypes.dll
0x00007ff9afa90000 - 0x00007ff9afb83000 	C:\WINDOWS\System32\SHCORE.dll
0x00007ff9aef90000 - 0x00007ff9aefee000 	C:\WINDOWS\System32\shlwapi.dll
0x00007ff9ad160000 - 0x00007ff9ad186000 	C:\WINDOWS\SYSTEM32\profapi.dll
0x00007ff99b100000 - 0x00007ff99b119000 	C:\Program Files\Java\jdk-17\bin\net.dll
0x00007ff9a6a20000 - 0x00007ff9a6b57000 	C:\WINDOWS\SYSTEM32\WINHTTP.dll
0x00007ff9ac6f0000 - 0x00007ff9ac759000 	C:\WINDOWS\system32\mswsock.dll
0x00007ff996d30000 - 0x00007ff996d46000 	C:\Program Files\Java\jdk-17\bin\nio.dll
0x00007ff996d10000 - 0x00007ff996d28000 	C:\Program Files\Java\jdk-17\bin\zip.dll
0x0000000069ac0000 - 0x0000000069ae4000 	C:\apache-maven-3.9.3\lib\jansi-native\Windows\x86_64\jansi.dll
0x00007ff99b2b0000 - 0x00007ff99b2c0000 	C:\Program Files\Java\jdk-17\bin\verify.dll

dbghelp: loaded successfully - version: 4.0.5 - missing functions: none
symbol engine: initialized successfully - sym options: 0x614 - pdb path: .;C:\Program Files\Java\jdk-17\bin;C:\WINDOWS\SYSTEM32;C:\WINDOWS\WinSxS\amd64_microsoft.windows.common-controls_6595b64144ccf1df_6.0.22621.3235_none_270f74e173860f98;C:\Program Files\Java\jdk-17\bin\server;C:\apache-maven-3.9.3\lib\jansi-native\Windows\x86_64

VM Arguments:
jvm_args: -Dclassworlds.conf=C:\apache-maven-3.9.3\bin\m2.conf -Dmaven.home=C:\apache-maven-3.9.3 -Dlibrary.jansi.path=C:\apache-maven-3.9.3\lib\jansi-native -Dmaven.multiModuleProjectDirectory=D:\api 
java_command: org.codehaus.plexus.classworlds.launcher.Launcher clean install
java_class_path (initial): C:\apache-maven-3.9.3\boot\plexus-classworlds-2.7.0.jar
Launcher Type: SUN_STANDARD

[Global flags]
     intx CICompilerCount                          = 2                                         {product} {ergonomic}
     uint ConcGCThreads                            = 1                                         {product} {ergonomic}
     uint G1ConcRefinementThreads                  = 3                                         {product} {ergonomic}
   size_t G1HeapRegionSize                         = 2097152                                   {product} {ergonomic}
    uintx GCDrainStackTargetSize                   = 64                                        {product} {ergonomic}
   size_t InitialHeapSize                          = 167772160                                 {product} {ergonomic}
   size_t MarkStackSize                            = 4194304                                   {product} {ergonomic}
   size_t MaxHeapSize                              = 2669674496                                {product} {ergonomic}
   size_t MaxNewSize                               = 1600126976                                {product} {ergonomic}
   size_t MinHeapDeltaBytes                        = 2097152                                   {product} {ergonomic}
   size_t MinHeapSize                              = 8388608                                   {product} {ergonomic}
    uintx NonNMethodCodeHeapSize                   = 5826188                                {pd product} {ergonomic}
    uintx NonProfiledCodeHeapSize                  = 122916026                              {pd product} {ergonomic}
    uintx ProfiledCodeHeapSize                     = 122916026                              {pd product} {ergonomic}
    uintx ReservedCodeCacheSize                    = 251658240                              {pd product} {ergonomic}
     bool SegmentedCodeCache                       = true                                      {product} {ergonomic}
   size_t SoftMaxHeapSize                          = 2669674496                             {manageable} {ergonomic}
     bool UseCompressedClassPointers               = true                           {product lp64_product} {ergonomic}
     bool UseCompressedOops                        = true                           {product lp64_product} {ergonomic}
     bool UseG1GC                                  = true                                      {product} {ergonomic}
     bool UseLargePagesIndividualAllocation        = false                                  {pd product} {ergonomic}

Logging:
Log output configuration:
 #0: stdout all=warning uptime,level,tags
 #1: stderr all=off uptime,level,tags

Environment Variables:
JAVA_HOME=C:\Program Files\Java\jdk-17
PATH=C:\Program Files (x86)\NVIDIA Corporation\PhysX\Common;C:\Program Files\Common Files\Oracle\Java\javapath;C:\Program Files (x86)\Common Files\Oracle\Java\javapath;C:\ProgramData\Oracle\Java\javapath;C:\Program Files\dotnet\;"C:\Python34\;C:\Python34\Lib\site-pa";C:\Program Files\Microsoft SQL Server\150\Tools\Binn\;C:\Program Files\Microsoft SQL Server\Client SDK\ODBC\170\Tools\Binn\;C:\Flutter\flutter\bin;C:\Windows\System32;C:\Windows\System32\WindowsPowerShell\v1.0;D:\openshift-client-windows;D:\Flutter1\flutter\bin;C:\Program Files\Java\jdk-17;C:\apache-maven-3.9.3\bin;C:\Program Files\Git\cmd;C:\Program Files (x86)\Microsoft SQL Server\160\DTS\Binn\;C:\Program Files\Azure Data Studio\bin;C:\Program Files (x86)\Microsoft SQL Server\160\Tools\Binn\;C:\Program Files\Microsoft SQL Server\160\Tools\Binn\;C:\Program Files\Microsoft SQL Server\160\DTS\Binn\;C:\Program Files\Microsoft SQL Server\130\DTS\Binn\;C:\Program Files\Microsoft SQL Server\140\DTS\Binn\;C:\Program Files\Microsoft SQL Server\150\DTS\Binn\;D:\Program Files\nodejs\;C:\xampp\php;D:\composer;D:\jdk-21.0.2\bin;C:\Users\adral\AppData\Local\Programs\Python\Python311\Scripts\;C:\Users\adral\AppData\Local\Programs\Python\Python311\;C:\Users\adral\AppData\Local\Programs\Microsoft VS Code\bin;C:\Users\adral\.dotnet\tools;"C:\Python34\;C:\Python34\Lib\site-pa";C:\Program Files\Git\bin;D:\IntelliJ IDEA Community Edition 2022.3.1\bin;;C:\Windows\System32;C:\Windows\System32\WindowsPowerShell\v1.0;D:\openshift-client-windows;C:\apache-maven-3.9.3\bin;D:\flutter\bin;C:\Program Files\Azure Data Studio\bin;C:\Users\adral\AppData\Roaming\npm;D:\Program Files\JetBrains\IntelliJ IDEA 2023.3.4\bin;;C:\Users\adral\AppData\Roaming\Composer\vendor\bin;D:\MingW\bin;D:\jdk-21.0.2\bin;
USERNAME=adral
OS=Windows_NT
PROCESSOR_IDENTIFIER=AMD64 Family 23 Model 24 Stepping 1, AuthenticAMD



---------------  S Y S T E M  ---------------

OS:
 Windows 11 , 64 bit Build 22621 (10.0.22621.3235)
OS uptime: 0 days 14:45 hours

CPU: total 3 (initial active 3) (4 cores per cpu, 2 threads per core) family 23 model 24 stepping 1 microcode 0x0, cx8, cmov, fxsr, ht, mmx, 3dnowpref, sse, sse2, sse3, ssse3, sse4a, sse4.1, sse4.2, popcnt, lzcnt, tsc, tscinvbit, avx, avx2, aes, clmul, bmi1, bmi2, adx, sha, fma, vzeroupper, clflush, clflushopt

Memory: 4k page, system-wide physical 10178M (1516M free)
TotalPageFile size 14024M (AvailPageFile size 4M)
current process WorkingSet (physical memory assigned to process): 238M, peak: 246M
current process commit charge ("private bytes"): 262M, peak: 288M

vm_info: Java HotSpot(TM) 64-Bit Server VM (17.0.7+8-LTS-224) for windows-amd64 JRE (17.0.7+8-LTS-224), built on Feb 28 2023 23:03:02 by "mach5one" with MS VC++ 17.1 (VS2022)

END.
