#
# There is insufficient memory for the Java Runtime Environment to continue.
# Native memory allocation (mmap) failed to map 2621440 bytes for G1 virtual space
# Possible reasons:
#   The system is out of physical RAM or swap space
#   The process is running with CompressedOops enabled, and the Java Heap may be blocking the growth of the native heap
# Possible solutions:
#   Reduce memory load on the system
#   Increase physical memory or swap space
#   Check if swap backing store is full
#   Decrease Java heap size (-Xmx/-Xms)
#   Decrease number of Java threads
#   Decrease Java thread stack sizes (-Xss)
#   Set larger code cache with -XX:ReservedCodeCacheSize=
#   JVM is running with Zero Based Compressed Oops mode in which the Java heap is
#     placed in the first 32GB address space. The Java Heap base address is the
#     maximum limit for the native heap growth. Please use -XX:HeapBaseMinAddress
#     to set the Java Heap base and to place the Java Heap above 32GB virtual address.
# This output file may be truncated or incomplete.
#
#  Out of Memory Error (os_windows.cpp:3825), pid=5060, tid=8140
#
# JRE version:  (17.0.10+1) (build )
# Java VM: OpenJDK 64-Bit Server VM (17.0.10+1-b1087.17, mixed mode, sharing, tiered, compressed oops, compressed class ptrs, g1 gc, windows-amd64)
# No core dump will be written. Minidumps are not enabled by default on client versions of Windows
#

---------------  S U M M A R Y ------------

Command Line: git4idea.http.GitAskPassApp Username for 'https://github.com': 

Host: AMD Ryzen 3 3200U with Radeon Vega Mobile Gfx  , 3 cores, 9G,  Windows 11 , 64 bit Build 22621 (10.0.22621.3235)
Time: Wed Mar 20 06:31:14 2024 Paris, Madrid elapsed time: 0.513650 seconds (0d 0h 0m 0s)

---------------  T H R E A D  ---------------

Current thread (0x0000028fe3fb1c40):  JavaThread "Unknown thread" [_thread_in_vm, id=8140, stack(0x000000a6f3700000,0x000000a6f3800000)]

Stack: [0x000000a6f3700000,0x000000a6f3800000]
Native frames: (J=compiled Java code, j=interpreted, Vv=VM code, C=native code)
V  [jvm.dll+0x688ac9]
V  [jvm.dll+0x84220a]
V  [jvm.dll+0x843e4e]
V  [jvm.dll+0x8444b3]
V  [jvm.dll+0x24ba8f]
V  [jvm.dll+0x685899]
V  [jvm.dll+0x67a14a]
V  [jvm.dll+0x30c7eb]
V  [jvm.dll+0x313c96]
V  [jvm.dll+0x363a43]
V  [jvm.dll+0x363c5f]
V  [jvm.dll+0x2e25b8]
V  [jvm.dll+0x2e3524]
V  [jvm.dll+0x812d71]
V  [jvm.dll+0x3718e1]
V  [jvm.dll+0x7f18d6]
V  [jvm.dll+0x3f553f]
V  [jvm.dll+0x3f7171]
C  [jli.dll+0x528f]
C  [ucrtbase.dll+0x29363]
C  [KERNEL32.DLL+0x1257d]
C  [ntdll.dll+0x5aa58]


---------------  P R O C E S S  ---------------

Threads class SMR info:
_java_thread_list=0x00007ff9623def58, length=0, elements={
}

Java Threads: ( => current thread )

Other Threads:
  0x0000028fe3ffdcf0 GCTaskThread "GC Thread#0" [stack: 0x000000a6f3800000,0x000000a6f3900000] [id=3812]
  0x0000028fe4008b50 ConcurrentGCThread "G1 Main Marker" [stack: 0x000000a6f3900000,0x000000a6f3a00000] [id=9492]
  0x0000028fe4009d10 ConcurrentGCThread "G1 Conc#0" [stack: 0x000000a6f3a00000,0x000000a6f3b00000] [id=17168]

[error occurred during error reporting (printing all threads), id 0xc0000005, EXCEPTION_ACCESS_VIOLATION (0xc0000005) at pc=0x00007ff961b93187]

VM state: not at safepoint (not fully initialized)

VM Mutex/Monitor currently owned by a thread:  ([mutex/lock_event])
[0x0000028fe3fac760] Heap_lock - owner thread: 0x0000028fe3fb1c40

Heap address: 0x0000000760e00000, size: 2546 MB, Compressed Oops mode: Zero based, Oop shift amount: 3

CDS archive(s) mapped at: [0x0000000000000000-0x0000000000000000-0x0000000000000000), size 0, SharedBaseAddress: 0x0000000800000000, ArchiveRelocationMode: 1.
Narrow klass base: 0x0000000000000000, Narrow klass shift: 0, Narrow klass range: 0x0

GC Precious Log:
<Empty>

Heap:
 garbage-first heap   total 0K, used 0K [0x0000000760e00000, 0x0000000800000000)
  region size 2048K, 0 young (0K), 0 survivors (0K)
 Metaspace       used 0K, committed 0K, reserved 0K
  class space    used 0K, committed 0K, reserved 0K

Heap Regions: E=young(eden), S=young(survivor), O=old, HS=humongous(starts), HC=humongous(continues), CS=collection set, F=free, OA=open archive, CA=closed archive, TAMS=top-at-mark-start (previous, next)

Card table byte_map: [0x0000028ff8910000,0x0000028ff8e10000] _byte_map_base: 0x0000028ff4e09000

Marking Bits (Prev, Next): (CMBitMap*) 0x0000028fe3ffe310, (CMBitMap*) 0x0000028fe3ffe350
 Prev Bits: [0x0000028ff9310000, 0x0000028ffbad8000)
 Next Bits: [0x0000028ffbae0000, 0x0000028ffe2a8000)

GC Heap History (0 events):
No events

Dll operation events (1 events):
Event: 0.129 Loaded shared library D:\Program Files\JetBrains\IntelliJ IDEA 2023.3.4\jbr\bin\java.dll

Deoptimization events (0 events):
No events

Classes unloaded (0 events):
No events

Classes redefined (0 events):
No events

Internal exceptions (0 events):
No events

VM Operations (0 events):
No events

Events (0 events):
No events


Dynamic libraries:
0x00007ff6d4a00000 - 0x00007ff6d4a0a000 	D:\Program Files\JetBrains\IntelliJ IDEA 2023.3.4\jbr\bin\java.exe
0x00007ff9afef0000 - 0x00007ff9b0106000 	C:\WINDOWS\SYSTEM32\ntdll.dll
0x00007ff9adc50000 - 0x00007ff9add14000 	C:\WINDOWS\System32\KERNEL32.DLL
0x00007ff9ad580000 - 0x00007ff9ad926000 	C:\WINDOWS\System32\KERNELBASE.dll
0x00007ff9adaf0000 - 0x00007ff9adc01000 	C:\WINDOWS\System32\ucrtbase.dll
0x00007ff99c130000 - 0x00007ff99c147000 	D:\Program Files\JetBrains\IntelliJ IDEA 2023.3.4\jbr\bin\jli.dll
0x00007ff9af8e0000 - 0x00007ff9afa8d000 	C:\WINDOWS\System32\USER32.dll
0x00007ff9ad2b0000 - 0x00007ff9ad2d6000 	C:\WINDOWS\System32\win32u.dll
0x00007ff9af8b0000 - 0x00007ff9af8d9000 	C:\WINDOWS\System32\GDI32.dll
0x00007ff9ad930000 - 0x00007ff9ada48000 	C:\WINDOWS\System32\gdi32full.dll
0x00007ff9ada50000 - 0x00007ff9adaea000 	C:\WINDOWS\System32\msvcp_win.dll
0x00007ff98e320000 - 0x00007ff98e33b000 	D:\Program Files\JetBrains\IntelliJ IDEA 2023.3.4\jbr\bin\VCRUNTIME140.dll
0x00007ff99df50000 - 0x00007ff99e1e3000 	C:\WINDOWS\WinSxS\amd64_microsoft.windows.common-controls_6595b64144ccf1df_6.0.22621.3235_none_270f74e173860f98\COMCTL32.dll
0x00007ff9adf50000 - 0x00007ff9adff7000 	C:\WINDOWS\System32\msvcrt.dll
0x00007ff9ae6c0000 - 0x00007ff9ae6f1000 	C:\WINDOWS\System32\IMM32.DLL
0x00007ff99c200000 - 0x00007ff99c20c000 	D:\Program Files\JetBrains\IntelliJ IDEA 2023.3.4\jbr\bin\vcruntime140_1.dll
0x00007ff976850000 - 0x00007ff9768dd000 	D:\Program Files\JetBrains\IntelliJ IDEA 2023.3.4\jbr\bin\msvcp140.dll
0x00007ff9618a0000 - 0x00007ff962523000 	D:\Program Files\JetBrains\IntelliJ IDEA 2023.3.4\jbr\bin\server\jvm.dll
0x00007ff9afc10000 - 0x00007ff9afcc2000 	C:\WINDOWS\System32\ADVAPI32.dll
0x00007ff9ae000000 - 0x00007ff9ae0a8000 	C:\WINDOWS\System32\sechost.dll
0x00007ff9adc10000 - 0x00007ff9adc38000 	C:\WINDOWS\System32\bcrypt.dll
0x00007ff9adda0000 - 0x00007ff9adeb5000 	C:\WINDOWS\System32\RPCRT4.dll
0x00007ff9ad0f0000 - 0x00007ff9ad13d000 	C:\WINDOWS\SYSTEM32\POWRPROF.dll
0x00007ff9a8560000 - 0x00007ff9a8569000 	C:\WINDOWS\SYSTEM32\WSOCK32.dll
0x00007ff9afb90000 - 0x00007ff9afc01000 	C:\WINDOWS\System32\WS2_32.dll
0x00007ff9a4970000 - 0x00007ff9a49a4000 	C:\WINDOWS\SYSTEM32\WINMM.dll
0x00007ff9a3970000 - 0x00007ff9a397a000 	C:\WINDOWS\SYSTEM32\VERSION.dll
0x00007ff9ad0d0000 - 0x00007ff9ad0e3000 	C:\WINDOWS\SYSTEM32\UMPDC.dll
0x00007ff9ac270000 - 0x00007ff9ac288000 	C:\WINDOWS\SYSTEM32\kernel.appcore.dll
0x00007ff9a8570000 - 0x00007ff9a857a000 	D:\Program Files\JetBrains\IntelliJ IDEA 2023.3.4\jbr\bin\jimage.dll
0x00007ff992a80000 - 0x00007ff992cb3000 	C:\WINDOWS\SYSTEM32\DBGHELP.DLL
0x00007ff9af520000 - 0x00007ff9af8a8000 	C:\WINDOWS\System32\combase.dll
0x00007ff9afdd0000 - 0x00007ff9afea7000 	C:\WINDOWS\System32\OLEAUT32.dll
0x00007ff992770000 - 0x00007ff9927a2000 	C:\WINDOWS\SYSTEM32\dbgcore.DLL
0x00007ff9ad230000 - 0x00007ff9ad2aa000 	C:\WINDOWS\System32\bcryptPrimitives.dll
0x00007ff9a4b50000 - 0x00007ff9a4b75000 	D:\Program Files\JetBrains\IntelliJ IDEA 2023.3.4\jbr\bin\java.dll

dbghelp: loaded successfully - version: 4.0.5 - missing functions: none
symbol engine: initialized successfully - sym options: 0x614 - pdb path: .;D:\Program Files\JetBrains\IntelliJ IDEA 2023.3.4\jbr\bin;C:\WINDOWS\SYSTEM32;C:\WINDOWS\WinSxS\amd64_microsoft.windows.common-controls_6595b64144ccf1df_6.0.22621.3235_none_270f74e173860f98;D:\Program Files\JetBrains\IntelliJ IDEA 2023.3.4\jbr\bin\server

VM Arguments:
java_command: git4idea.http.GitAskPassApp Username for 'https://github.com': 
java_class_path (initial): D:/Program Files/JetBrains/IntelliJ IDEA 2023.3.4/plugins/vcs-git/lib/git4idea-rt.jar;D:/Program Files/JetBrains/IntelliJ IDEA 2023.3.4/lib/externalProcess-rt.jar
Launcher Type: SUN_STANDARD

[Global flags]
     intx CICompilerCount                          = 2                                         {product} {ergonomic}
     uint ConcGCThreads                            = 1                                         {product} {ergonomic}
     uint G1ConcRefinementThreads                  = 3                                         {product} {ergonomic}
   size_t G1HeapRegionSize                         = 2097152                                   {product} {ergonomic}
    uintx GCDrainStackTargetSize                   = 64                                        {product} {ergonomic}
   size_t InitialHeapSize                          = 167772160                                 {product} {ergonomic}
   size_t MarkStackSize                            = 4194304                                   {product} {ergonomic}
   size_t MaxHeapSize                              = 2669674496                                {product} {ergonomic}
   size_t MinHeapDeltaBytes                        = 2097152                                   {product} {ergonomic}
   size_t MinHeapSize                              = 8388608                                   {product} {ergonomic}
    uintx NonNMethodCodeHeapSize                   = 5826188                                {pd product} {ergonomic}
    uintx NonProfiledCodeHeapSize                  = 122916026                              {pd product} {ergonomic}
    uintx ProfiledCodeHeapSize                     = 122916026                              {pd product} {ergonomic}
    uintx ReservedCodeCacheSize                    = 251658240                              {pd product} {ergonomic}
     bool SegmentedCodeCache                       = true                                      {product} {ergonomic}
   size_t SoftMaxHeapSize                          = 2669674496                             {manageable} {ergonomic}
     bool UseCompressedClassPointers               = true                           {product lp64_product} {ergonomic}
     bool UseCompressedOops                        = true                           {product lp64_product} {ergonomic}
     bool UseG1GC                                  = true                                      {product} {ergonomic}
     bool UseLargePagesIndividualAllocation        = false                                  {pd product} {ergonomic}

Logging:
Log output configuration:
 #0: stdout all=warning uptime,level,tags
 #1: stderr all=off uptime,level,tags

Environment Variables:
JAVA_HOME=C:\Program Files\Java\jdk-17
PATH=C:\Program Files\Git\mingw64\libexec\git-core;C:\Program Files\Git\mingw64\libexec\git-core;C:\Program Files\Git\mingw64\bin;C:\Program Files\Git\usr\bin;C:\Users\adral\bin;C:\Program Files (x86)\NVIDIA Corporation\PhysX\Common;C:\Program Files\Common Files\Oracle\Java\javapath;C:\Program Files (x86)\Common Files\Oracle\Java\javapath;C:\ProgramData\Oracle\Java\javapath;C:\Program Files\dotnet;C:\Python34;C:\Python34\Lib\site-pa";C:\Program Files\Microsoft SQL Server\150\Tools\Binn;C:\Program Files\Microsoft SQL Server\Client SDK\ODBC\170\Tools\Binn;C:\Flutter\flutter\bin;C:\Windows\System32;C:\Windows\System32\WindowsPowerShell\v1.0;D:\openshift-client-windows;D:\Flutter1\flutter\bin;C:\Program Files\Java\jdk-17;C:\apache-maven-3.9.3\bin;C:\Program Files\Git\cmd;C:\Program Files (x86)\Microsoft SQL Server\160\DTS\Binn;C:\Program Files\Azure Data Studio\bin;C:\Program Files (x86)\Microsoft SQL Server\160\Tools\Binn;C:\Program Files\Microsoft SQL Server\160\Tools\Binn;C:\Program Files\Microsoft SQL Server\160\DTS\Binn;C:\Program Files\Microsoft SQL Server\130\DTS\Binn;C:\Program Files\Microsoft SQL Server\140\DTS\Binn;C:\Program Files\Microsoft SQL Server\150\DTS\Binn;D:\Program Files\nodejs;C:\xampp\php;D:\composer;D:\jdk-21.0.2\bin;C:\Users\adral\AppData\Local\Programs\Python\Python311\Scripts;C:\Users\adral\AppData\Local\Programs\Python\Python311;C:\Users\adral\AppData\Local\Programs\Microsoft VS Code\bin;C:\Users\adral\.dotnet\tools;C:\Python34;C:\Python34\Lib\site-pa";C:\Program Files\Git\usr\bin;D:\IntelliJ IDEA Community Edition 2022.3.1\bin;C:\Windows\System32;C:\Windows\System32\WindowsPowerShell\v1.0;D:\openshift-client-windows;C:\apache-maven-3.9.3\bin;D:\flutter\bin;C:\Program Files\Azure Data Studio\bin;C:\Users\adral\AppData\Roaming\npm;D:\Program Files\JetBrains\IntelliJ IDEA 2023.3.4\bin;C:\Users\adral\AppData\Roaming\Composer\vendor\bin;D:\MingW\bin;D:\jdk-21.0.2\bin
USERNAME=adral
DISPLAY=:0.0
LC_ALL=en_US.UTF-8
TERM=xterm-256color
TMPDIR=C:\Users\adral\AppData\Local\Temp
OS=Windows_NT
PROCESSOR_IDENTIFIER=AMD64 Family 23 Model 24 Stepping 1, AuthenticAMD
TMP=C:\Users\adral\AppData\Local\Temp
TEMP=C:\Users\adral\AppData\Local\Temp



Periodic native trim disabled

JNI global refs:
JNI global refs: 0, weak refs: 0

JNI global refs memory usage: 0, weak refs: 0

OOME stack traces (most recent first):
Classloader memory used:


---------------  S Y S T E M  ---------------

OS:
 Windows 11 , 64 bit Build 22621 (10.0.22621.3235)
OS uptime: 0 days 14:46 hours

CPU: total 3 (initial active 3) (4 cores per cpu, 2 threads per core) family 23 model 24 stepping 1 microcode 0x0, cx8, cmov, fxsr, ht, mmx, 3dnowpref, sse, sse2, sse3, ssse3, sse4a, sse4.1, sse4.2, popcnt, lzcnt, tsc, tscinvbit, avx, avx2, aes, clmul, bmi1, bmi2, adx, sha, fma, vzeroupper, clflush, clflushopt
Processor Information for processor 0
  Max Mhz: 2600, Current Mhz: 2600, Mhz Limit: 2600
Processor Information for processor 1
  Max Mhz: 2600, Current Mhz: 2600, Mhz Limit: 2600
Processor Information for processor 2
  Max Mhz: 2595, Current Mhz: 2595, Mhz Limit: 2595

Memory: 4k page, system-wide physical 10178M (1508M free)
TotalPageFile size 14024M (AvailPageFile size 1M)
current process WorkingSet (physical memory assigned to process): 11M, peak: 11M
current process commit charge ("private bytes"): 210M, peak: 212M

vm_info: OpenJDK 64-Bit Server VM (17.0.10+1-b1087.17) for windows-amd64 JRE (17.0.10+1-b1087.17), built on 2024-01-19 by "builduser" with MS VC++ 16.10 / 16.11 (VS2019)

END.
